Ignoring wrong pointing object 13 0 (offset 0)
Ignoring wrong pointing object 15 0 (offset 0)
Ignoring wrong pointing object 18 0 (offset 0)
Ignoring wrong pointing object 17 0 (offset 0)
Ignoring wrong pointing object 61 0 (offset 0)
Ignoring wrong pointing object 70 0 (offset 0)
Ignoring wrong pointing object 109 0 (offset 0)
Ignoring wrong pointing object 123 0 (offset 0)
Ignoring wrong pointing object 21 0 (offset 0)
Ignoring wrong pointing object 23 0 (offset 0)
Ignoring wrong pointing object 26 0 (offset 0)
Ignoring wrong pointing object 28 0 (offset 0)
Ignoring wrong pointing object 46 0 (offset 0)
Ignoring wrong pointing object 60 0 (offset 0)
Ignoring wrong pointing object 72 0 (offset 0)
Ignoring wrong pointing object 102 0 (offset 0)
Ignoring wrong pointing object 114 0 (offset 0)
invalid pdf header: b'creat'
incorrect startxref pointer(1)
parsing for Object Streams
Ignoring wrong pointing object 2 65536 (offset 0)
Ignoring wrong pointing object 13 65536 (offset 0)
Ignoring wrong pointing object 105 65536 (offset 0)
Ignoring wrong pointing object 146 65536 (offset 0)
Ignoring wrong pointing object 174 65536 (offset 0)
Ignoring wrong pointing object 192 65536 (offset 0)
Ignoring wrong pointing object 215 65536 (offset 0)
Ignoring wrong pointing object 228 65536 (offset 0)
Ignoring wrong pointing object 242 65536 (offset 0)
Ignoring wrong pointing object 251 65536 (offset 0)
Ignoring wrong pointing object 19 0 (offset 0)
Ignoring wrong pointing object 21 0 (offset 0)
Ignoring wrong pointing object 23 0 (offset 0)
Ignoring wrong pointing object 31 0 (offset 0)
Ignoring wrong pointing object 60 0 (offset 0)
Ignoring wrong pointing object 62 0 (offset 0)
Ignoring wrong pointing object 65 0 (offset 0)
Ignoring wrong pointing object 67 0 (offset 0)
Ignoring wrong pointing object 70 0 (offset 0)
Ignoring wrong pointing object 74 0 (offset 0)
Ignoring wrong pointing object 86 0 (offset 0)
Ignoring wrong pointing object 130 0 (offset 0)
Ignoring wrong pointing object 133 0 (offset 0)
could not convert string to float: b'96.-65' : FloatObject (b'96.-65') invalid; use 0.0 instead
could not convert string to float: b'95.0-2' : FloatObject (b'95.0-2') invalid; use 0.0 instead
could not convert string to float: b'91.-36' : FloatObject (b'91.-36') invalid; use 0.0 instead
could not convert string to float: b'99.-161' : FloatObject (b'99.-161') invalid; use 0.0 instead
could not convert string to float: b'99.-161' : FloatObject (b'99.-161') invalid; use 0.0 instead
could not convert string to float: b'99.-161' : FloatObject (b'99.-161') invalid; use 0.0 instead
could not convert string to float: b'98.-12' : FloatObject (b'98.-12') invalid; use 0.0 instead
could not convert string to float: b'98.-12' : FloatObject (b'98.-12') invalid; use 0.0 instead
could not convert string to float: b'98.-12' : FloatObject (b'98.-12') invalid; use 0.0 instead
could not convert string to float: b'98.-12' : FloatObject (b'98.-12') invalid; use 0.0 instead
could not convert string to float: b'98.-12' : FloatObject (b'98.-12') invalid; use 0.0 instead
could not convert string to float: b'98.-43' : FloatObject (b'98.-43') invalid; use 0.0 instead
could not convert string to float: b'98.-43' : FloatObject (b'98.-43') invalid; use 0.0 instead
could not convert string to float: b'98.-61' : FloatObject (b'98.-61') invalid; use 0.0 instead
could not convert string to float: b'98.-61' : FloatObject (b'98.-61') invalid; use 0.0 instead
could not convert string to float: b'100.-139' : FloatObject (b'100.-139') invalid; use 0.0 instead
could not convert string to float: b'100.-139' : FloatObject (b'100.-139') invalid; use 0.0 instead
could not convert string to float: b'100.-139' : FloatObject (b'100.-139') invalid; use 0.0 instead
could not convert string to float: b'100.-139' : FloatObject (b'100.-139') invalid; use 0.0 instead
could not convert string to float: b'100.-77' : FloatObject (b'100.-77') invalid; use 0.0 instead
could not convert string to float: b'100.-77' : FloatObject (b'100.-77') invalid; use 0.0 instead
could not convert string to float: b'100.-173' : FloatObject (b'100.-173') invalid; use 0.0 instead
could not convert string to float: b'100.-173' : FloatObject (b'100.-173') invalid; use 0.0 instead
Ignoring wrong pointing object 8 0 (offset 0)
Ignoring wrong pointing object 127 0 (offset 0)
Ignoring wrong pointing object 11 0 (offset 0)
Ignoring wrong pointing object 15 0 (offset 0)
Ignoring wrong pointing object 53 0 (offset 0)
incorrect startxref pointer(3)
parsing for Object Streams
Ignoring wrong pointing object 12 0 (offset 0)
Ignoring wrong pointing object 31 0 (offset 0)
Ignoring wrong pointing object 86 0 (offset 0)
Ignoring wrong pointing object 158 0 (offset 0)
Ignoring wrong pointing object 1 65536 (offset 0)
Ignoring wrong pointing object 13 65536 (offset 0)
Ignoring wrong pointing object 32 65536 (offset 0)
Ignoring wrong pointing object 55 65536 (offset 0)
Ignoring wrong pointing object 86 65536 (offset 0)
Ignoring wrong pointing object 122 65536 (offset 0)
Ignoring wrong pointing object 145 65536 (offset 0)
Ignoring wrong pointing object 154 65536 (offset 0)
Ignoring wrong pointing object 178 65536 (offset 0)
Ignoring wrong pointing object 219 65536 (offset 0)
Ignoring wrong pointing object 239 65536 (offset 0)
Ignoring wrong pointing object 262 65536 (offset 0)
Ignoring wrong pointing object 280 65536 (offset 0)
Ignoring wrong pointing object 307 65536 (offset 0)
Ignoring wrong pointing object 319 65536 (offset 0)
Ignoring wrong pointing object 328 65536 (offset 0)
Ignoring wrong pointing object 336 65536 (offset 0)
Ignoring wrong pointing object 344 65536 (offset 0)
Ignoring wrong pointing object 353 65536 (offset 0)
Ignoring wrong pointing object 28 0 (offset 0)
Ignoring wrong pointing object 42 0 (offset 0)
Ignoring wrong pointing object 82 0 (offset 0)
invalid pdf header: b'creat'
incorrect startxref pointer(1)
parsing for Object Streams
Ignoring wrong pointing object 11 0 (offset 0)
Ignoring wrong pointing object 99 0 (offset 0)
Ignoring wrong pointing object 101 0 (offset 0)
Ignoring wrong pointing object 2 65536 (offset 0)
Ignoring wrong pointing object 8 65536 (offset 0)
Ignoring wrong pointing object 51 65536 (offset 0)
Ignoring wrong pointing object 169 65536 (offset 0)
Ignoring wrong pointing object 226 65536 (offset 0)
Ignoring wrong pointing object 271 65536 (offset 0)
Ignoring wrong pointing object 293 65536 (offset 0)
Ignoring wrong pointing object 340 65536 (offset 0)
Ignoring wrong pointing object 392 65536 (offset 0)
Ignoring wrong pointing object 426 65536 (offset 0)
Ignoring wrong pointing object 473 65536 (offset 0)
Ignoring wrong pointing object 492 65536 (offset 0)
Ignoring wrong pointing object 511 65536 (offset 0)
Ignoring wrong pointing object 553 65536 (offset 0)
Ignoring wrong pointing object 599 65536 (offset 0)
Ignoring wrong pointing object 8 0 (offset 0)
Ignoring wrong pointing object 10 0 (offset 0)
Ignoring wrong pointing object 12 0 (offset 0)
Ignoring wrong pointing object 22 0 (offset 0)
Ignoring wrong pointing object 70 0 (offset 0)
Ignoring wrong pointing object 265 0 (offset 0)
Ignoring wrong pointing object 8 0 (offset 0)
Ignoring wrong pointing object 10 0 (offset 0)
Ignoring wrong pointing object 12 0 (offset 0)
Ignoring wrong pointing object 22 0 (offset 0)
Ignoring wrong pointing object 70 0 (offset 0)
Ignoring wrong pointing object 265 0 (offset 0)
Wrote 1277 manifest rows and normalized records.
Profile: /Volumes/Extreme Pro/vanDuinWiki/outputs/corpus_profile_2026-04.md
